#2.0#2024 04 26 12:44:30.565#Z#DEBUG#com.sap.cloud.lm.sl.xs2.6f85a037-03ca-11ef-8458-eeee0a8ac706.MyRoiceadApps-srv.stageAppTask#
######org.cloudfoundry.multiapps.controller.persistence.services.ProcessLogger########flowable-async-job-executor-thread-615###
[PollStageAppStatusExecution] [MyRoiceadApps-srv] e04e10c7-0d4e-443d-829c-d2e4c79d3a14 [2024-04-26T12:42:49.904775] Added process: "web" (STDOUT, API)#

#2.0#2024 04 26 12:44:30.565#Z#DEBUG#com.sap.cloud.lm.sl.xs2.6f85a037-03ca-11ef-8458-eeee0a8ac706.MyRoiceadApps-srv.stageAppTask#
######org.cloudfoundry.multiapps.controller.persistence.services.ProcessLogger########flowable-async-job-executor-thread-615###
[PollStageAppStatusExecution] [MyRoiceadApps-srv] e04e10c7-0d4e-443d-829c-d2e4c79d3a14 [2024-04-26T12:42:49.911591] Created app with guid e04e10c7-0d4e-443d-829c-d2e4c79d3a14 (STDOUT, API)#

#2.0#2024 04 26 12:44:30.565#Z#DEBUG#com.sap.cloud.lm.sl.xs2.6f85a037-03ca-11ef-8458-eeee0a8ac706.MyRoiceadApps-srv.stageAppTask#
######org.cloudfoundry.multiapps.controller.persistence.services.ProcessLogger########flowable-async-job-executor-thread-615###
[PollStageAppStatusExecution] [MyRoiceadApps-srv] e04e10c7-0d4e-443d-829c-d2e4c79d3a14 [2024-04-26T12:42:50.068077] Updating process: "web" (STDOUT, API)#

#2.0#2024 04 26 12:44:30.565#Z#DEBUG#com.sap.cloud.lm.sl.xs2.6f85a037-03ca-11ef-8458-eeee0a8ac706.MyRoiceadApps-srv.stageAppTask#
######org.cloudfoundry.multiapps.controller.persistence.services.ProcessLogger########flowable-async-job-executor-thread-615###
[PollStageAppStatusExecution] [MyRoiceadApps-srv] e04e10c7-0d4e-443d-829c-d2e4c79d3a14 [2024-04-26T12:42:50.426189] Scaling process: "web" (STDOUT, API)#

#2.0#2024 04 26 12:44:30.565#Z#DEBUG#com.sap.cloud.lm.sl.xs2.6f85a037-03ca-11ef-8458-eeee0a8ac706.MyRoiceadApps-srv.stageAppTask#
######org.cloudfoundry.multiapps.controller.persistence.services.ProcessLogger########flowable-async-job-executor-thread-615###
[PollStageAppStatusExecution] [MyRoiceadApps-srv] e04e10c7-0d4e-443d-829c-d2e4c79d3a14 [2024-04-26T12:44:05.908960] Uploading app package for app with guid e04e10c7-0d4e-443d-829c-d2e4c79d3a14 (STDOUT, API)#

#2.0#2024 04 26 12:44:30.565#Z#DEBUG#com.sap.cloud.lm.sl.xs2.6f85a037-03ca-11ef-8458-eeee0a8ac706.MyRoiceadApps-srv.stageAppTask#
######org.cloudfoundry.multiapps.controller.persistence.services.ProcessLogger########flowable-async-job-executor-thread-615###
[PollStageAppStatusExecution] [MyRoiceadApps-srv] e04e10c7-0d4e-443d-829c-d2e4c79d3a14 [2024-04-26T12:44:06.206588] Updated app with guid e04e10c7-0d4e-443d-829c-d2e4c79d3a14 ({"environment_variables"=>"[PRIVATE DATA HIDDEN]"}) (STDOUT, API)#

#2.0#2024 04 26 12:44:30.565#Z#DEBUG#com.sap.cloud.lm.sl.xs2.6f85a037-03ca-11ef-8458-eeee0a8ac706.MyRoiceadApps-srv.stageAppTask#
######org.cloudfoundry.multiapps.controller.persistence.services.ProcessLogger########flowable-async-job-executor-thread-615###
[PollStageAppStatusExecution] [MyRoiceadApps-srv] e04e10c7-0d4e-443d-829c-d2e4c79d3a14 [2024-04-26T12:44:20.633059] Creating build for app with guid e04e10c7-0d4e-443d-829c-d2e4c79d3a14 (STDOUT, API)#

#2.0#2024 04 26 12:44:30.565#Z#DEBUG#com.sap.cloud.lm.sl.xs2.6f85a037-03ca-11ef-8458-eeee0a8ac706.MyRoiceadApps-srv.stageAppTask#
######org.cloudfoundry.multiapps.controller.persistence.services.ProcessLogger########flowable-async-job-executor-thread-615###
[PollStageAppStatusExecution] [MyRoiceadApps-srv] e04e10c7-0d4e-443d-829c-d2e4c79d3a14 [2024-04-26T12:44:21.180919] Downloading nodejs_buildpack... (STDOUT, STG)#

#2.0#2024 04 26 12:44:30.565#Z#DEBUG#com.sap.cloud.lm.sl.xs2.6f85a037-03ca-11ef-8458-eeee0a8ac706.MyRoiceadApps-srv.stageAppTask#
######org.cloudfoundry.multiapps.controller.persistence.services.ProcessLogger########flowable-async-job-executor-thread-615###
[PollStageAppStatusExecution] [MyRoiceadApps-srv] e04e10c7-0d4e-443d-829c-d2e4c79d3a14 [2024-04-26T12:44:21.216499] Downloaded nodejs_buildpack (STDOUT, STG)#

#2.0#2024 04 26 12:44:30.565#Z#DEBUG#com.sap.cloud.lm.sl.xs2.6f85a037-03ca-11ef-8458-eeee0a8ac706.MyRoiceadApps-srv.stageAppTask#
######org.cloudfoundry.multiapps.controller.persistence.services.ProcessLogger########flowable-async-job-executor-thread-615###
[PollStageAppStatusExecution] [MyRoiceadApps-srv] e04e10c7-0d4e-443d-829c-d2e4c79d3a14 [2024-04-26T12:44:21.216562] Cell f1f40a0a-9121-4583-8de3-f23230e9e02d creating container for instance 3a3efbe7-8080-4f12-8b54-9f4a5ea890f3 (STDOUT, STG)#

#2.0#2024 04 26 12:44:30.565#Z#DEBUG#com.sap.cloud.lm.sl.xs2.6f85a037-03ca-11ef-8458-eeee0a8ac706.MyRoiceadApps-srv.stageAppTask#
######org.cloudfoundry.multiapps.controller.persistence.services.ProcessLogger########flowable-async-job-executor-thread-615###
[PollStageAppStatusExecution] [MyRoiceadApps-srv] e04e10c7-0d4e-443d-829c-d2e4c79d3a14 [2024-04-26T12:44:21.645636] Security group rules were updated (STDOUT, STG)#

#2.0#2024 04 26 12:44:30.566#Z#DEBUG#com.sap.cloud.lm.sl.xs2.6f85a037-03ca-11ef-8458-eeee0a8ac706.MyRoiceadApps-srv.stageAppTask#
######org.cloudfoundry.multiapps.controller.persistence.services.ProcessLogger########flowable-async-job-executor-thread-615###
[PollStageAppStatusExecution] [MyRoiceadApps-srv] e04e10c7-0d4e-443d-829c-d2e4c79d3a14 [2024-04-26T12:44:21.695145] Cell f1f40a0a-9121-4583-8de3-f23230e9e02d successfully created container for instance 3a3efbe7-8080-4f12-8b54-9f4a5ea890f3 (STDOUT, STG)#

#2.0#2024 04 26 12:44:30.566#Z#DEBUG#com.sap.cloud.lm.sl.xs2.6f85a037-03ca-11ef-8458-eeee0a8ac706.MyRoiceadApps-srv.stageAppTask#
######org.cloudfoundry.multiapps.controller.persistence.services.ProcessLogger########flowable-async-job-executor-thread-615###
[PollStageAppStatusExecution] [MyRoiceadApps-srv] e04e10c7-0d4e-443d-829c-d2e4c79d3a14 [2024-04-26T12:44:22.310978] Downloading app package... (STDOUT, STG)#

#2.0#2024 04 26 12:44:30.566#Z#DEBUG#com.sap.cloud.lm.sl.xs2.6f85a037-03ca-11ef-8458-eeee0a8ac706.MyRoiceadApps-srv.stageAppTask#
######org.cloudfoundry.multiapps.controller.persistence.services.ProcessLogger########flowable-async-job-executor-thread-615###
[PollStageAppStatusExecution] [MyRoiceadApps-srv] e04e10c7-0d4e-443d-829c-d2e4c79d3a14 [2024-04-26T12:44:22.796570] Downloaded app package (5.7M) (STDOUT, STG)#

#2.0#2024 04 26 12:44:30.566#Z#DEBUG#com.sap.cloud.lm.sl.xs2.6f85a037-03ca-11ef-8458-eeee0a8ac706.MyRoiceadApps-srv.stageAppTask#
######org.cloudfoundry.multiapps.controller.persistence.services.ProcessLogger########flowable-async-job-executor-thread-615###
[PollStageAppStatusExecution] [MyRoiceadApps-srv] e04e10c7-0d4e-443d-829c-d2e4c79d3a14 [2024-04-26T12:44:22.854119] -----> Nodejs Buildpack version 1.8.23 (STDOUT, STG)#

#2.0#2024 04 26 12:44:30.566#Z#DEBUG#com.sap.cloud.lm.sl.xs2.6f85a037-03ca-11ef-8458-eeee0a8ac706.MyRoiceadApps-srv.stageAppTask#
######org.cloudfoundry.multiapps.controller.persistence.services.ProcessLogger########flowable-async-job-executor-thread-615###
[PollStageAppStatusExecution] [MyRoiceadApps-srv] e04e10c7-0d4e-443d-829c-d2e4c79d3a14 [2024-04-26T12:44:23.038986] -----> Bootstrapping python (STDOUT, STG)#

#2.0#2024 04 26 12:44:30.566#Z#DEBUG#com.sap.cloud.lm.sl.xs2.6f85a037-03ca-11ef-8458-eeee0a8ac706.MyRoiceadApps-srv.stageAppTask#
######org.cloudfoundry.multiapps.controller.persistence.services.ProcessLogger########flowable-async-job-executor-thread-615###
[PollStageAppStatusExecution] [MyRoiceadApps-srv] e04e10c7-0d4e-443d-829c-d2e4c79d3a14 [2024-04-26T12:44:23.039] -----> Installing python 3.11.8 (STDOUT, STG)#

#2.0#2024 04 26 12:44:30.566#Z#DEBUG#com.sap.cloud.lm.sl.xs2.6f85a037-03ca-11ef-8458-eeee0a8ac706.MyRoiceadApps-srv.stageAppTask#
######org.cloudfoundry.multiapps.controller.persistence.services.ProcessLogger########flowable-async-job-executor-thread-615###
[PollStageAppStatusExecution] [MyRoiceadApps-srv] e04e10c7-0d4e-443d-829c-d2e4c79d3a14 [2024-04-26T12:44:23.039059] Copy [/tmp/buildpacks/e897982aafb5bb6bda60c516cf76affe/dependencies/fa5f772263f0426e9f9558b20475e527/python_3.11.8_linux_x64_cflinuxfs4_dabff961.tgz] (STDOUT, STG)#

#2.0#2024 04 26 12:44:30.566#Z#DEBUG#com.sap.cloud.lm.sl.xs2.6f85a037-03ca-11ef-8458-eeee0a8ac706.MyRoiceadApps-srv.stageAppTask#
######org.cloudfoundry.multiapps.controller.persistence.services.ProcessLogger########flowable-async-job-executor-thread-615###
[PollStageAppStatusExecution] [MyRoiceadApps-srv] e04e10c7-0d4e-443d-829c-d2e4c79d3a14 [2024-04-26T12:44:26.627708] -----> Installing binaries (STDOUT, STG)#

#2.0#2024 04 26 12:44:30.566#Z#DEBUG#com.sap.cloud.lm.sl.xs2.6f85a037-03ca-11ef-8458-eeee0a8ac706.MyRoiceadApps-srv.stageAppTask#
######org.cloudfoundry.multiapps.controller.persistence.services.ProcessLogger########flowable-async-job-executor-thread-615###
[PollStageAppStatusExecution] [MyRoiceadApps-srv] e04e10c7-0d4e-443d-829c-d2e4c79d3a14 [2024-04-26T12:44:26.627790] engines.node (package.json): unspecified (STDOUT, STG)#

#2.0#2024 04 26 12:44:30.566#Z#DEBUG#com.sap.cloud.lm.sl.xs2.6f85a037-03ca-11ef-8458-eeee0a8ac706.MyRoiceadApps-srv.stageAppTask#
######org.cloudfoundry.multiapps.controller.persistence.services.ProcessLogger########flowable-async-job-executor-thread-615###
[PollStageAppStatusExecution] [MyRoiceadApps-srv] e04e10c7-0d4e-443d-829c-d2e4c79d3a14 [2024-04-26T12:44:26.627803] engines.npm (package.json): unspecified (use default) (STDOUT, STG)#

#2.0#2024 04 26 12:44:30.566#Z#DEBUG#com.sap.cloud.lm.sl.xs2.6f85a037-03ca-11ef-8458-eeee0a8ac706.MyRoiceadApps-srv.stageAppTask#
######org.cloudfoundry.multiapps.controller.persistence.services.ProcessLogger########flowable-async-job-executor-thread-615###
[PollStageAppStatusExecution] [MyRoiceadApps-srv] e04e10c7-0d4e-443d-829c-d2e4c79d3a14 [2024-04-26T12:44:26.627807] [31;1m**WARNING**[0m Node version not specified in package.json or .nvmrc. See: http://docs.cloudfoundry.org/buildpacks/node/node-tips.html (STDOUT, STG)#

#2.0#2024 04 26 12:44:30.566#Z#DEBUG#com.sap.cloud.lm.sl.xs2.6f85a037-03ca-11ef-8458-eeee0a8ac706.MyRoiceadApps-srv.stageAppTask#
######org.cloudfoundry.multiapps.controller.persistence.services.ProcessLogger########flowable-async-job-executor-thread-615###
[PollStageAppStatusExecution] [MyRoiceadApps-srv] e04e10c7-0d4e-443d-829c-d2e4c79d3a14 [2024-04-26T12:44:26.627858] -----> Installing node 18.19.1 (STDOUT, STG)#

#2.0#2024 04 26 12:44:30.566#Z#DEBUG#com.sap.cloud.lm.sl.xs2.6f85a037-03ca-11ef-8458-eeee0a8ac706.MyRoiceadApps-srv.stageAppTask#
######org.cloudfoundry.multiapps.controller.persistence.services.ProcessLogger########flowable-async-job-executor-thread-615###
[PollStageAppStatusExecution] [MyRoiceadApps-srv] e04e10c7-0d4e-443d-829c-d2e4c79d3a14 [2024-04-26T12:44:26.627970] Copy [/tmp/buildpacks/e897982aafb5bb6bda60c516cf76affe/dependencies/6ad1d161a6e829ce5f18bef71bfc72bc/node_18.19.1_linux_x64_cflinuxfs4_dec9eb81.tgz] (STDOUT, STG)#

#2.0#2024 04 26 12:44:30.566#Z#DEBUG#com.sap.cloud.lm.sl.xs2.6f85a037-03ca-11ef-8458-eeee0a8ac706.MyRoiceadApps-srv.stageAppTask#
######org.cloudfoundry.multiapps.controller.persistence.services.ProcessLogger########flowable-async-job-executor-thread-615###
[PollStageAppStatusExecution] [MyRoiceadApps-srv] e04e10c7-0d4e-443d-829c-d2e4c79d3a14 [2024-04-26T12:44:28.642874] Using default npm version: 10.2.4 (STDOUT, STG)#

#2.0#2024 04 26 12:44:30.566#Z#DEBUG#com.sap.cloud.lm.sl.xs2.6f85a037-03ca-11ef-8458-eeee0a8ac706.MyRoiceadApps-srv.stageAppTask#
######org.cloudfoundry.multiapps.controller.persistence.services.ProcessLogger########flowable-async-job-executor-thread-615###
[PollStageAppStatusExecution] [MyRoiceadApps-srv] e04e10c7-0d4e-443d-829c-d2e4c79d3a14 [2024-04-26T12:44:28.642888] -----> Installing yarn 1.22.19 (STDOUT, STG)#

#2.0#2024 04 26 12:44:30.566#Z#DEBUG#com.sap.cloud.lm.sl.xs2.6f85a037-03ca-11ef-8458-eeee0a8ac706.MyRoiceadApps-srv.stageAppTask#
######org.cloudfoundry.multiapps.controller.persistence.services.ProcessLogger########flowable-async-job-executor-thread-615###
[PollStageAppStatusExecution] [MyRoiceadApps-srv] e04e10c7-0d4e-443d-829c-d2e4c79d3a14 [2024-04-26T12:44:28.643002] Copy [/tmp/buildpacks/e897982aafb5bb6bda60c516cf76affe/dependencies/0f06052381cbcef1593bd279ca3d9458/yarn_1.22.19_linux_noarch_any-stack_32d0e82e.tgz] (STDOUT, STG)#

#2.0#2024 04 26 12:44:30.566#Z#DEBUG#com.sap.cloud.lm.sl.xs2.6f85a037-03ca-11ef-8458-eeee0a8ac706.MyRoiceadApps-srv.stageAppTask#
######org.cloudfoundry.multiapps.controller.persistence.services.ProcessLogger########flowable-async-job-executor-thread-615###
[PollStageAppStatusExecution] [MyRoiceadApps-srv] e04e10c7-0d4e-443d-829c-d2e4c79d3a14 [2024-04-26T12:44:28.977574] Installed yarn 1.22.19 (STDOUT, STG)#

#2.0#2024 04 26 12:44:30.566#Z#DEBUG#com.sap.cloud.lm.sl.xs2.6f85a037-03ca-11ef-8458-eeee0a8ac706.MyRoiceadApps-srv.stageAppTask#
######org.cloudfoundry.multiapps.controller.persistence.services.ProcessLogger########flowable-async-job-executor-thread-615###
[PollStageAppStatusExecution] [MyRoiceadApps-srv] e04e10c7-0d4e-443d-829c-d2e4c79d3a14 [2024-04-26T12:44:28.977591] -----> Creating runtime environment (STDOUT, STG)#

#2.0#2024 04 26 12:44:30.566#Z#DEBUG#com.sap.cloud.lm.sl.xs2.6f85a037-03ca-11ef-8458-eeee0a8ac706.MyRoiceadApps-srv.stageAppTask#
######org.cloudfoundry.multiapps.controller.persistence.services.ProcessLogger########flowable-async-job-executor-thread-615###
[PollStageAppStatusExecution] [MyRoiceadApps-srv] e04e10c7-0d4e-443d-829c-d2e4c79d3a14 [2024-04-26T12:44:28.978667] NODE_ENV=production (STDOUT, STG)#

#2.0#2024 04 26 12:44:30.566#Z#DEBUG#com.sap.cloud.lm.sl.xs2.6f85a037-03ca-11ef-8458-eeee0a8ac706.MyRoiceadApps-srv.stageAppTask#
######org.cloudfoundry.multiapps.controller.persistence.services.ProcessLogger########flowable-async-job-executor-thread-615###
[PollStageAppStatusExecution] [MyRoiceadApps-srv] e04e10c7-0d4e-443d-829c-d2e4c79d3a14 [2024-04-26T12:44:28.978682] NODE_HOME=/tmp/contents1538073982/deps/0/node (STDOUT, STG)#

#2.0#2024 04 26 12:44:30.566#Z#DEBUG#com.sap.cloud.lm.sl.xs2.6f85a037-03ca-11ef-8458-eeee0a8ac706.MyRoiceadApps-srv.stageAppTask#
######org.cloudfoundry.multiapps.controller.persistence.services.ProcessLogger########flowable-async-job-executor-thread-615###
[PollStageAppStatusExecution] [MyRoiceadApps-srv] e04e10c7-0d4e-443d-829c-d2e4c79d3a14 [2024-04-26T12:44:28.978684] NODE_MODULES_CACHE=true (STDOUT, STG)#

#2.0#2024 04 26 12:44:30.566#Z#DEBUG#com.sap.cloud.lm.sl.xs2.6f85a037-03ca-11ef-8458-eeee0a8ac706.MyRoiceadApps-srv.stageAppTask#
######org.cloudfoundry.multiapps.controller.persistence.services.ProcessLogger########flowable-async-job-executor-thread-615###
[PollStageAppStatusExecution] [MyRoiceadApps-srv] e04e10c7-0d4e-443d-829c-d2e4c79d3a14 [2024-04-26T12:44:28.978687] NODE_VERBOSE=false (STDOUT, STG)#

#2.0#2024 04 26 12:44:30.566#Z#DEBUG#com.sap.cloud.lm.sl.xs2.6f85a037-03ca-11ef-8458-eeee0a8ac706.MyRoiceadApps-srv.stageAppTask#
######org.cloudfoundry.multiapps.controller.persistence.services.ProcessLogger########flowable-async-job-executor-thread-615###
[PollStageAppStatusExecution] [MyRoiceadApps-srv] e04e10c7-0d4e-443d-829c-d2e4c79d3a14 [2024-04-26T12:44:28.978689] NPM_CONFIG_LOGLEVEL=error (STDOUT, STG)#

#2.0#2024 04 26 12:44:30.566#Z#DEBUG#com.sap.cloud.lm.sl.xs2.6f85a037-03ca-11ef-8458-eeee0a8ac706.MyRoiceadApps-srv.stageAppTask#
######org.cloudfoundry.multiapps.controller.persistence.services.ProcessLogger########flowable-async-job-executor-thread-615###
[PollStageAppStatusExecution] [MyRoiceadApps-srv] e04e10c7-0d4e-443d-829c-d2e4c79d3a14 [2024-04-26T12:44:28.978693] NPM_CONFIG_PRODUCTION=true (STDOUT, STG)#

#2.0#2024 04 26 12:44:30.566#Z#DEBUG#com.sap.cloud.lm.sl.xs2.6f85a037-03ca-11ef-8458-eeee0a8ac706.MyRoiceadApps-srv.stageAppTask#
######org.cloudfoundry.multiapps.controller.persistence.services.ProcessLogger########flowable-async-job-executor-thread-615###
[PollStageAppStatusExecution] [MyRoiceadApps-srv] e04e10c7-0d4e-443d-829c-d2e4c79d3a14 [2024-04-26T12:44:28.978705] -----> Building dependencies (STDOUT, STG)#

#2.0#2024 04 26 12:44:30.566#Z#DEBUG#com.sap.cloud.lm.sl.xs2.6f85a037-03ca-11ef-8458-eeee0a8ac706.MyRoiceadApps-srv.stageAppTask#
######org.cloudfoundry.multiapps.controller.persistence.services.ProcessLogger########flowable-async-job-executor-thread-615###
[PollStageAppStatusExecution] [MyRoiceadApps-srv] e04e10c7-0d4e-443d-829c-d2e4c79d3a14 [2024-04-26T12:44:28.978708] Prebuild detected (node_modules already exists) (STDOUT, STG)#

#2.0#2024 04 26 12:44:30.566#Z#DEBUG#com.sap.cloud.lm.sl.xs2.6f85a037-03ca-11ef-8458-eeee0a8ac706.MyRoiceadApps-srv.stageAppTask#
######org.cloudfoundry.multiapps.controller.persistence.services.ProcessLogger########flowable-async-job-executor-thread-615###
[PollStageAppStatusExecution] [MyRoiceadApps-srv] e04e10c7-0d4e-443d-829c-d2e4c79d3a14 [2024-04-26T12:44:28.978740] Rebuilding any native modules (STDOUT, STG)#

#2.0#2024 04 26 12:44:30.566#Z#DEBUG#com.sap.cloud.lm.sl.xs2.6f85a037-03ca-11ef-8458-eeee0a8ac706.MyRoiceadApps-srv.stageAppTask#
######org.cloudfoundry.multiapps.controller.persistence.services.ProcessLogger########flowable-async-job-executor-thread-615###
[PollStageAppStatusExecution] [MyRoiceadApps-srv] e04e10c7-0d4e-443d-829c-d2e4c79d3a14 [2024-04-26T12:44:29.664018] rebuilt dependencies successfully (STDOUT, STG)#

#2.0#2024 04 26 12:44:30.566#Z#DEBUG#com.sap.cloud.lm.sl.xs2.6f85a037-03ca-11ef-8458-eeee0a8ac706.MyRoiceadApps-srv.stageAppTask#
######org.cloudfoundry.multiapps.controller.persistence.services.ProcessLogger########flowable-async-job-executor-thread-615###
[PollStageAppStatusExecution] [MyRoiceadApps-srv] e04e10c7-0d4e-443d-829c-d2e4c79d3a14 [2024-04-26T12:44:29.674215] Installing any new modules (package.json + package-lock.json) (STDOUT, STG)#

#2.0#2024 04 26 12:44:40.700#Z#DEBUG#com.sap.cloud.lm.sl.xs2.6f85a037-03ca-11ef-8458-eeee0a8ac706.MyRoiceadApps-srv.stageAppTask#
######org.cloudfoundry.multiapps.controller.persistence.services.ProcessLogger########flowable-async-job-executor-thread-194###
[PollStageAppStatusExecution] [MyRoiceadApps-srv] e04e10c7-0d4e-443d-829c-d2e4c79d3a14 [2024-04-26T12:44:30.751921] up to date in 834ms (STDOUT, STG)#

#2.0#2024 04 26 12:44:40.700#Z#DEBUG#com.sap.cloud.lm.sl.xs2.6f85a037-03ca-11ef-8458-eeee0a8ac706.MyRoiceadApps-srv.stageAppTask#
######org.cloudfoundry.multiapps.controller.persistence.services.ProcessLogger########flowable-async-job-executor-thread-194###
[PollStageAppStatusExecution] [MyRoiceadApps-srv] e04e10c7-0d4e-443d-829c-d2e4c79d3a14 [2024-04-26T12:44:30.752067] 16 packages are looking for funding (STDOUT, STG)#

#2.0#2024 04 26 12:44:40.700#Z#DEBUG#com.sap.cloud.lm.sl.xs2.6f85a037-03ca-11ef-8458-eeee0a8ac706.MyRoiceadApps-srv.stageAppTask#
######org.cloudfoundry.multiapps.controller.persistence.services.ProcessLogger########flowable-async-job-executor-thread-194###
[PollStageAppStatusExecution] [MyRoiceadApps-srv] e04e10c7-0d4e-443d-829c-d2e4c79d3a14 [2024-04-26T12:44:30.752082] run `npm fund` for details (STDOUT, STG)#

#2.0#2024 04 26 12:44:40.700#Z#DEBUG#com.sap.cloud.lm.sl.xs2.6f85a037-03ca-11ef-8458-eeee0a8ac706.MyRoiceadApps-srv.stageAppTask#
######org.cloudfoundry.multiapps.controller.persistence.services.ProcessLogger########flowable-async-job-executor-thread-194###
[PollStageAppStatusExecution] [MyRoiceadApps-srv] e04e10c7-0d4e-443d-829c-d2e4c79d3a14 [2024-04-26T12:44:31.632663] Contrast Security no credentials found. Will not write environment files. (STDOUT, STG)#

#2.0#2024 04 26 12:44:40.700#Z#DEBUG#com.sap.cloud.lm.sl.xs2.6f85a037-03ca-11ef-8458-eeee0a8ac706.MyRoiceadApps-srv.stageAppTask#
######org.cloudfoundry.multiapps.controller.persistence.services.ProcessLogger########flowable-async-job-executor-thread-194###
[PollStageAppStatusExecution] [MyRoiceadApps-srv] e04e10c7-0d4e-443d-829c-d2e4c79d3a14 [2024-04-26T12:44:40.250302] Exit status 0 (STDOUT, STG)#

#2.0#2024 04 26 12:44:40.700#Z#DEBUG#com.sap.cloud.lm.sl.xs2.6f85a037-03ca-11ef-8458-eeee0a8ac706.MyRoiceadApps-srv.stageAppTask#
######org.cloudfoundry.multiapps.controller.persistence.services.ProcessLogger########flowable-async-job-executor-thread-194###
[PollStageAppStatusExecution] [MyRoiceadApps-srv] e04e10c7-0d4e-443d-829c-d2e4c79d3a14 [2024-04-26T12:44:40.250346] Uploading droplet, build artifacts cache... (STDOUT, STG)#

#2.0#2024 04 26 12:44:40.700#Z#DEBUG#com.sap.cloud.lm.sl.xs2.6f85a037-03ca-11ef-8458-eeee0a8ac706.MyRoiceadApps-srv.stageAppTask#
######org.cloudfoundry.multiapps.controller.persistence.services.ProcessLogger########flowable-async-job-executor-thread-194###
[PollStageAppStatusExecution] [MyRoiceadApps-srv] e04e10c7-0d4e-443d-829c-d2e4c79d3a14 [2024-04-26T12:44:40.250392] Uploading droplet... (STDOUT, STG)#

#2.0#2024 04 26 12:44:40.700#Z#DEBUG#com.sap.cloud.lm.sl.xs2.6f85a037-03ca-11ef-8458-eeee0a8ac706.MyRoiceadApps-srv.stageAppTask#
######org.cloudfoundry.multiapps.controller.persistence.services.ProcessLogger########flowable-async-job-executor-thread-194###
[PollStageAppStatusExecution] [MyRoiceadApps-srv] e04e10c7-0d4e-443d-829c-d2e4c79d3a14 [2024-04-26T12:44:40.250406] Uploading build artifacts cache... (STDOUT, STG)#

#2.0#2024 04 26 12:44:40.700#Z#DEBUG#com.sap.cloud.lm.sl.xs2.6f85a037-03ca-11ef-8458-eeee0a8ac706.MyRoiceadApps-srv.stageAppTask#
######org.cloudfoundry.multiapps.controller.persistence.services.ProcessLogger########flowable-async-job-executor-thread-194###
[PollStageAppStatusExecution] [MyRoiceadApps-srv] e04e10c7-0d4e-443d-829c-d2e4c79d3a14 [2024-04-26T12:44:40.269032] Uploaded build artifacts cache (218B) (STDOUT, STG)#

#2.0#2024 04 26 12:44:50.788#Z#DEBUG#com.sap.cloud.lm.sl.xs2.6f85a037-03ca-11ef-8458-eeee0a8ac706.MyRoiceadApps-srv.stageAppTask#
######org.cloudfoundry.multiapps.controller.persistence.services.ProcessLogger########flowable-async-job-executor-thread-666###
[PollStageAppStatusExecution] [MyRoiceadApps-srv] e04e10c7-0d4e-443d-829c-d2e4c79d3a14 [2024-04-26T12:44:41.309976] Creating droplet for app with guid e04e10c7-0d4e-443d-829c-d2e4c79d3a14 (STDOUT, API)#

#2.0#2024 04 26 12:44:50.788#Z#DEBUG#com.sap.cloud.lm.sl.xs2.6f85a037-03ca-11ef-8458-eeee0a8ac706.MyRoiceadApps-srv.stageAppTask#
######org.cloudfoundry.multiapps.controller.persistence.services.ProcessLogger########flowable-async-job-executor-thread-666###
[PollStageAppStatusExecution] [MyRoiceadApps-srv] e04e10c7-0d4e-443d-829c-d2e4c79d3a14 [2024-04-26T12:44:43.533810] Uploaded droplet (49.6M) (STDOUT, STG)#

#2.0#2024 04 26 12:44:50.788#Z#DEBUG#com.sap.cloud.lm.sl.xs2.6f85a037-03ca-11ef-8458-eeee0a8ac706.MyRoiceadApps-srv.stageAppTask#
######org.cloudfoundry.multiapps.controller.persistence.services.ProcessLogger########flowable-async-job-executor-thread-666###
[PollStageAppStatusExecution] [MyRoiceadApps-srv] e04e10c7-0d4e-443d-829c-d2e4c79d3a14 [2024-04-26T12:44:43.542861] Uploading complete (STDOUT, STG)#

#2.0#2024 04 26 12:44:50.789#Z#DEBUG#com.sap.cloud.lm.sl.xs2.6f85a037-03ca-11ef-8458-eeee0a8ac706.MyRoiceadApps-srv.stageAppTask#
######org.cloudfoundry.multiapps.controller.persistence.services.ProcessLogger########flowable-async-job-executor-thread-666###
[PollStageAppStatusExecution] [MyRoiceadApps-srv] e04e10c7-0d4e-443d-829c-d2e4c79d3a14 [2024-04-26T12:44:44.245651] Cell f1f40a0a-9121-4583-8de3-f23230e9e02d stopping instance 3a3efbe7-8080-4f12-8b54-9f4a5ea890f3 (STDOUT, STG)#

#2.0#2024 04 26 12:44:50.789#Z#DEBUG#com.sap.cloud.lm.sl.xs2.6f85a037-03ca-11ef-8458-eeee0a8ac706.MyRoiceadApps-srv.stageAppTask#
######org.cloudfoundry.multiapps.controller.persistence.services.ProcessLogger########flowable-async-job-executor-thread-666###
[PollStageAppStatusExecution] [MyRoiceadApps-srv] e04e10c7-0d4e-443d-829c-d2e4c79d3a14 [2024-04-26T12:44:44.245677] Cell f1f40a0a-9121-4583-8de3-f23230e9e02d destroying container for instance 3a3efbe7-8080-4f12-8b54-9f4a5ea890f3 (STDOUT, STG)#

#2.0#2024 04 26 12:44:50.789#Z#DEBUG#com.sap.cloud.lm.sl.xs2.6f85a037-03ca-11ef-8458-eeee0a8ac706.MyRoiceadApps-srv.stageAppTask#
######org.cloudfoundry.multiapps.controller.persistence.services.ProcessLogger########flowable-async-job-executor-thread-666###
[PollStageAppStatusExecution] [MyRoiceadApps-srv] e04e10c7-0d4e-443d-829c-d2e4c79d3a14 [2024-04-26T12:44:45.802995] Cell f1f40a0a-9121-4583-8de3-f23230e9e02d successfully destroyed container for instance 3a3efbe7-8080-4f12-8b54-9f4a5ea890f3 (STDOUT, STG)#

#2.0#2024 04 26 12:45:01.005#Z#DEBUG#com.sap.cloud.lm.sl.xs2.6f85a037-03ca-11ef-8458-eeee0a8ac706.MyRoiceadApps-srv.startAppTask#
######org.cloudfoundry.multiapps.controller.persistence.services.ProcessLogger########flowable-async-job-executor-thread-204###
[PollStartAppStatusExecution] [MyRoiceadApps-srv] e04e10c7-0d4e-443d-829c-d2e4c79d3a14 [2024-04-26T12:44:50.888327] Updated app with guid e04e10c7-0d4e-443d-829c-d2e4c79d3a14 ({:droplet_guid=>"0eedcaaa-b96f-4cf4-8b47-258de3d2aa44"}) (STDOUT, API)#

#2.0#2024 04 26 12:45:01.005#Z#DEBUG#com.sap.cloud.lm.sl.xs2.6f85a037-03ca-11ef-8458-eeee0a8ac706.MyRoiceadApps-srv.startAppTask#
######org.cloudfoundry.multiapps.controller.persistence.services.ProcessLogger########flowable-async-job-executor-thread-204###
[PollStartAppStatusExecution] [MyRoiceadApps-srv] e04e10c7-0d4e-443d-829c-d2e4c79d3a14 [2024-04-26T12:44:51.169523] Creating revision for app with guid e04e10c7-0d4e-443d-829c-d2e4c79d3a14 (STDOUT, API)#

#2.0#2024 04 26 12:45:01.005#Z#DEBUG#com.sap.cloud.lm.sl.xs2.6f85a037-03ca-11ef-8458-eeee0a8ac706.MyRoiceadApps-srv.startAppTask#
######org.cloudfoundry.multiapps.controller.persistence.services.ProcessLogger########flowable-async-job-executor-thread-204###
[PollStartAppStatusExecution] [MyRoiceadApps-srv] e04e10c7-0d4e-443d-829c-d2e4c79d3a14 [2024-04-26T12:44:51.217876] Starting app with guid e04e10c7-0d4e-443d-829c-d2e4c79d3a14 (STDOUT, API)#

#2.0#2024 04 26 12:45:01.005#Z#DEBUG#com.sap.cloud.lm.sl.xs2.6f85a037-03ca-11ef-8458-eeee0a8ac706.MyRoiceadApps-srv.startAppTask#
######org.cloudfoundry.multiapps.controller.persistence.services.ProcessLogger########flowable-async-job-executor-thread-204###
[PollStartAppStatusExecution] [MyRoiceadApps-srv] e04e10c7-0d4e-443d-829c-d2e4c79d3a14 [2024-04-26T12:44:51.610228] Cell d53b89ce-8893-467c-afbe-2ffa54f5cd7f creating container for instance aeee6d45-8794-4430-49f2-75d0 (STDOUT, CELL)#

#2.0#2024 04 26 12:45:01.006#Z#DEBUG#com.sap.cloud.lm.sl.xs2.6f85a037-03ca-11ef-8458-eeee0a8ac706.MyRoiceadApps-srv.startAppTask#
######org.cloudfoundry.multiapps.controller.persistence.services.ProcessLogger########flowable-async-job-executor-thread-204###
[PollStartAppStatusExecution] [MyRoiceadApps-srv] e04e10c7-0d4e-443d-829c-d2e4c79d3a14 [2024-04-26T12:44:52.225641] Security group rules were updated (STDOUT, CELL)#

#2.0#2024 04 26 12:45:01.006#Z#DEBUG#com.sap.cloud.lm.sl.xs2.6f85a037-03ca-11ef-8458-eeee0a8ac706.MyRoiceadApps-srv.startAppTask#
######org.cloudfoundry.multiapps.controller.persistence.services.ProcessLogger########flowable-async-job-executor-thread-204###
[PollStartAppStatusExecution] [MyRoiceadApps-srv] e04e10c7-0d4e-443d-829c-d2e4c79d3a14 [2024-04-26T12:44:52.291623] Cell d53b89ce-8893-467c-afbe-2ffa54f5cd7f successfully created container for instance aeee6d45-8794-4430-49f2-75d0 (STDOUT, CELL)#

#2.0#2024 04 26 12:45:01.006#Z#DEBUG#com.sap.cloud.lm.sl.xs2.6f85a037-03ca-11ef-8458-eeee0a8ac706.MyRoiceadApps-srv.startAppTask#
######org.cloudfoundry.multiapps.controller.persistence.services.ProcessLogger########flowable-async-job-executor-thread-204###
[PollStartAppStatusExecution] [MyRoiceadApps-srv] e04e10c7-0d4e-443d-829c-d2e4c79d3a14 [2024-04-26T12:44:52.716433] Downloading droplet... (STDOUT, CELL)#

#2.0#2024 04 26 12:45:01.006#Z#DEBUG#com.sap.cloud.lm.sl.xs2.6f85a037-03ca-11ef-8458-eeee0a8ac706.MyRoiceadApps-srv.startAppTask#
######org.cloudfoundry.multiapps.controller.persistence.services.ProcessLogger########flowable-async-job-executor-thread-204###
[PollStartAppStatusExecution] [MyRoiceadApps-srv] e04e10c7-0d4e-443d-829c-d2e4c79d3a14 [2024-04-26T12:44:55.523961] Downloaded droplet (49.6M) (STDOUT, CELL)#

#2.0#2024 04 26 12:45:01.006#Z#DEBUG#com.sap.cloud.lm.sl.xs2.6f85a037-03ca-11ef-8458-eeee0a8ac706.MyRoiceadApps-srv.startAppTask#
######org.cloudfoundry.multiapps.controller.persistence.services.ProcessLogger########flowable-async-job-executor-thread-204###
[PollStartAppStatusExecution] [MyRoiceadApps-srv] e04e10c7-0d4e-443d-829c-d2e4c79d3a14 [2024-04-26T12:44:55.524291] Starting health monitoring of container (STDOUT, CELL)#

#2.0#2024 04 26 12:45:01.006#Z#DEBUG#com.sap.cloud.lm.sl.xs2.6f85a037-03ca-11ef-8458-eeee0a8ac706.MyRoiceadApps-srv.startAppTask#
######org.cloudfoundry.multiapps.controller.persistence.services.ProcessLogger########flowable-async-job-executor-thread-204###
[PollStartAppStatusExecution] [MyRoiceadApps-srv] e04e10c7-0d4e-443d-829c-d2e4c79d3a14 [2024-04-26T12:44:55.595912] Invoking pre-start scripts. (STDOUT, APP/PROC/WEB)#

#2.0#2024 04 26 12:45:01.006#Z#DEBUG#com.sap.cloud.lm.sl.xs2.6f85a037-03ca-11ef-8458-eeee0a8ac706.MyRoiceadApps-srv.startAppTask#
######org.cloudfoundry.multiapps.controller.persistence.services.ProcessLogger########flowable-async-job-executor-thread-204###
[PollStartAppStatusExecution] [MyRoiceadApps-srv] e04e10c7-0d4e-443d-829c-d2e4c79d3a14 [2024-04-26T12:44:55.821696] Invoking start command. (STDOUT, APP/PROC/WEB)#

#2.0#2024 04 26 12:45:01.006#Z#DEBUG#com.sap.cloud.lm.sl.xs2.6f85a037-03ca-11ef-8458-eeee0a8ac706.MyRoiceadApps-srv.startAppTask#
######org.cloudfoundry.multiapps.controller.persistence.services.ProcessLogger########flowable-async-job-executor-thread-204###
[PollStartAppStatusExecution] [MyRoiceadApps-srv] e04e10c7-0d4e-443d-829c-d2e4c79d3a14 [2024-04-26T12:44:56.306592] > MyRoiceadApps@1.0.0 start (STDOUT, APP/PROC/WEB)#

#2.0#2024 04 26 12:45:01.006#Z#DEBUG#com.sap.cloud.lm.sl.xs2.6f85a037-03ca-11ef-8458-eeee0a8ac706.MyRoiceadApps-srv.startAppTask#
######org.cloudfoundry.multiapps.controller.persistence.services.ProcessLogger########flowable-async-job-executor-thread-204###
[PollStartAppStatusExecution] [MyRoiceadApps-srv] e04e10c7-0d4e-443d-829c-d2e4c79d3a14 [2024-04-26T12:44:56.306604] > cds-serve (STDOUT, APP/PROC/WEB)#

#2.0#2024 04 26 12:45:01.006#Z#DEBUG#com.sap.cloud.lm.sl.xs2.6f85a037-03ca-11ef-8458-eeee0a8ac706.MyRoiceadApps-srv.startAppTask#
######org.cloudfoundry.multiapps.controller.persistence.services.ProcessLogger########flowable-async-job-executor-thread-204###
[PollStartAppStatusExecution] [MyRoiceadApps-srv] e04e10c7-0d4e-443d-829c-d2e4c79d3a14 [2024-04-26T12:44:56.386048] [cds] - loading server from { file: 'srv/server.js' } (STDOUT, APP/PROC/WEB)#

#2.0#2024 04 26 12:45:01.006#Z#DEBUG#com.sap.cloud.lm.sl.xs2.6f85a037-03ca-11ef-8458-eeee0a8ac706.MyRoiceadApps-srv.startAppTask#
######org.cloudfoundry.multiapps.controller.persistence.services.ProcessLogger########flowable-async-job-executor-thread-204###
[PollStartAppStatusExecution] [MyRoiceadApps-srv] e04e10c7-0d4e-443d-829c-d2e4c79d3a14 [2024-04-26T12:44:56.605208] {"level":"info","logger":"cov2ap","timestamp":"2024-04-26T12:44:56.604Z","layer":"cds","component_type":"application","container_id":"10.36.196.13","component_id":"e04e10c7-0d4e-443d-829c-d2e4c79d3a14","component_name":"MyRoiceadApps-srv","component_instance":0,"source_instance":0,"organization_name":"Roicead GmbH","organization_id":"bb47c507-d2c9-4296-89b6-f217520e4f04","space_name":"dev","space_id":"bfce989b-242c-4264-9e2a-21dafdfc5822","msg":"[HPM] Proxy created: /  -> http://localhost:8080","type":"log"} (STDOUT, APP/PROC/WEB)#

#2.0#2024 04 26 12:45:01.006#Z#DEBUG#com.sap.cloud.lm.sl.xs2.6f85a037-03ca-11ef-8458-eeee0a8ac706.MyRoiceadApps-srv.startAppTask#
######org.cloudfoundry.multiapps.controller.persistence.services.ProcessLogger########flowable-async-job-executor-thread-204###
[PollStartAppStatusExecution] [MyRoiceadApps-srv] e04e10c7-0d4e-443d-829c-d2e4c79d3a14 [2024-04-26T12:44:56.605628] {"level":"info","logger":"cov2ap","timestamp":"2024-04-26T12:44:56.605Z","layer":"cds","component_type":"application","container_id":"10.36.196.13","component_id":"e04e10c7-0d4e-443d-829c-d2e4c79d3a14","component_name":"MyRoiceadApps-srv","component_instance":0,"source_instance":0,"organization_name":"Roicead GmbH","organization_id":"bb47c507-d2c9-4296-89b6-f217520e4f04","space_name":"dev","space_id":"bfce989b-242c-4264-9e2a-21dafdfc5822","msg":"[HPM] Proxy rewrite rule created: \"^/v2\" ~> \"\"","type":"log"} (STDOUT, APP/PROC/WEB)#

#2.0#2024 04 26 12:45:01.006#Z#DEBUG#com.sap.cloud.lm.sl.xs2.6f85a037-03ca-11ef-8458-eeee0a8ac706.MyRoiceadApps-srv.startAppTask#
######org.cloudfoundry.multiapps.controller.persistence.services.ProcessLogger########flowable-async-job-executor-thread-204###
[PollStartAppStatusExecution] [MyRoiceadApps-srv] e04e10c7-0d4e-443d-829c-d2e4c79d3a14 [2024-04-26T12:44:56.933860] {"level":"info","logger":"cds","timestamp":"2024-04-26T12:44:56.933Z","layer":"cds","component_type":"application","container_id":"10.36.196.13","component_id":"e04e10c7-0d4e-443d-829c-d2e4c79d3a14","component_name":"MyRoiceadApps-srv","component_instance":0,"source_instance":0,"organization_name":"Roicead GmbH","organization_id":"bb47c507-d2c9-4296-89b6-f217520e4f04","space_name":"dev","space_id":"bfce989b-242c-4264-9e2a-21dafdfc5822","msg":"loaded model from 1 file(s):\n","type":"log"} (STDOUT, APP/PROC/WEB)#

#2.0#2024 04 26 12:45:01.006#Z#DEBUG#com.sap.cloud.lm.sl.xs2.6f85a037-03ca-11ef-8458-eeee0a8ac706.MyRoiceadApps-srv.startAppTask#
######org.cloudfoundry.multiapps.controller.persistence.services.ProcessLogger########flowable-async-job-executor-thread-204###
[PollStartAppStatusExecution] [MyRoiceadApps-srv] e04e10c7-0d4e-443d-829c-d2e4c79d3a14 [2024-04-26T12:44:56.933870] srv/csn.json (STDOUT, APP/PROC/WEB)#

#2.0#2024 04 26 12:45:01.006#Z#DEBUG#com.sap.cloud.lm.sl.xs2.6f85a037-03ca-11ef-8458-eeee0a8ac706.MyRoiceadApps-srv.startAppTask#
######org.cloudfoundry.multiapps.controller.persistence.services.ProcessLogger########flowable-async-job-executor-thread-204###
[PollStartAppStatusExecution] [MyRoiceadApps-srv] e04e10c7-0d4e-443d-829c-d2e4c79d3a14 [2024-04-26T12:44:57.319588] {"level":"info","logger":"cds","timestamp":"2024-04-26T12:44:57.318Z","layer":"cds","component_type":"application","container_id":"10.36.196.13","component_id":"e04e10c7-0d4e-443d-829c-d2e4c79d3a14","component_name":"MyRoiceadApps-srv","component_instance":0,"source_instance":0,"organization_name":"Roicead GmbH","organization_id":"bb47c507-d2c9-4296-89b6-f217520e4f04","space_name":"dev","space_id":"bfce989b-242c-4264-9e2a-21dafdfc5822","msg":"connect to db > hana {\n  database_id: '55a3042a-99e3-47d4-9aba-a538cb201f95',\n  host: '55a3042a-99e3-47d4-9aba-a538cb201f95.hna0.prod-eu10.hanacloud.ondemand.com',\n  port: '443',\n  driver: 'com.sap.db.jdbc.Driver',\n  url: 'jdbc:sap://55a3042a-99e3-47d4-9aba-a538cb201f95.hna0.prod-eu10.hanacloud.ondemand.com:443?encrypt=true&validateCertificate=true&currentschema=568FBC5C1EB9450F97EC957A8646B95C',\n  schema: '568FBC5C1EB9450F97EC957A8646B95C',\n  certificate: '...',\n  hdi_user: '568FBC5C1EB9450F97EC957A8646B95C_1L8Z89Z61PJX1ENHVSA1Z4WXF_DT',\n  hdi_password: '...',\n  user: '568FBC5C1EB9450F97EC957A8646B95C_1L8Z89Z61PJX1ENHVSA1Z4WXF_RT',\n  password: '...'\n}","type":"log"} (STDOUT, APP/PROC/WEB)#

#2.0#2024 04 26 12:45:01.006#Z#DEBUG#com.sap.cloud.lm.sl.xs2.6f85a037-03ca-11ef-8458-eeee0a8ac706.MyRoiceadApps-srv.startAppTask#
######org.cloudfoundry.multiapps.controller.persistence.services.ProcessLogger########flowable-async-job-executor-thread-204###
[PollStartAppStatusExecution] [MyRoiceadApps-srv] e04e10c7-0d4e-443d-829c-d2e4c79d3a14 [2024-04-26T12:44:57.361113] {"level":"info","logger":"cds","timestamp":"2024-04-26T12:44:57.358Z","layer":"cds","component_type":"application","container_id":"10.36.196.13","component_id":"e04e10c7-0d4e-443d-829c-d2e4c79d3a14","component_name":"MyRoiceadApps-srv","component_instance":0,"source_instance":0,"organization_name":"Roicead GmbH","organization_id":"bb47c507-d2c9-4296-89b6-f217520e4f04","space_name":"dev","space_id":"bfce989b-242c-4264-9e2a-21dafdfc5822","msg":"using auth strategy { kind: 'xsuaa', impl: 'node_modules/@sap/cds/lib/auth/jwt-auth' } \n","type":"log"} (STDOUT, APP/PROC/WEB)#

#2.0#2024 04 26 12:45:01.006#Z#DEBUG#com.sap.cloud.lm.sl.xs2.6f85a037-03ca-11ef-8458-eeee0a8ac706.MyRoiceadApps-srv.startAppTask#
######org.cloudfoundry.multiapps.controller.persistence.services.ProcessLogger########flowable-async-job-executor-thread-204###
[PollStartAppStatusExecution] [MyRoiceadApps-srv] e04e10c7-0d4e-443d-829c-d2e4c79d3a14 [2024-04-26T12:44:57.767717] {"level":"info","logger":"cds","timestamp":"2024-04-26T12:44:57.767Z","layer":"cds","component_type":"application","container_id":"10.36.196.13","component_id":"e04e10c7-0d4e-443d-829c-d2e4c79d3a14","component_name":"MyRoiceadApps-srv","component_instance":0,"source_instance":0,"organization_name":"Roicead GmbH","organization_id":"bb47c507-d2c9-4296-89b6-f217520e4f04","space_name":"dev","space_id":"bfce989b-242c-4264-9e2a-21dafdfc5822","msg":"serving CardService { impl: 'srv/cat-service.js', path: '/odata/v4/card' }","type":"log"} (STDOUT, APP/PROC/WEB)#

#2.0#2024 04 26 12:45:01.006#Z#DEBUG#com.sap.cloud.lm.sl.xs2.6f85a037-03ca-11ef-8458-eeee0a8ac706.MyRoiceadApps-srv.startAppTask#
######org.cloudfoundry.multiapps.controller.persistence.services.ProcessLogger########flowable-async-job-executor-thread-204###
[PollStartAppStatusExecution] [MyRoiceadApps-srv] e04e10c7-0d4e-443d-829c-d2e4c79d3a14 [2024-04-26T12:44:57.774688] {"level":"info","logger":"cds","timestamp":"2024-04-26T12:44:57.774Z","layer":"cds","component_type":"application","container_id":"10.36.196.13","component_id":"e04e10c7-0d4e-443d-829c-d2e4c79d3a14","component_name":"MyRoiceadApps-srv","component_instance":0,"source_instance":0,"organization_name":"Roicead GmbH","organization_id":"bb47c507-d2c9-4296-89b6-f217520e4f04","space_name":"dev","space_id":"bfce989b-242c-4264-9e2a-21dafdfc5822","msg":"server listening on { url: 'http://localhost:8080' }","type":"log"} (STDOUT, APP/PROC/WEB)#

#2.0#2024 04 26 12:45:01.006#Z#DEBUG#com.sap.cloud.lm.sl.xs2.6f85a037-03ca-11ef-8458-eeee0a8ac706.MyRoiceadApps-srv.startAppTask#
######org.cloudfoundry.multiapps.controller.persistence.services.ProcessLogger########flowable-async-job-executor-thread-204###
[PollStartAppStatusExecution] [MyRoiceadApps-srv] e04e10c7-0d4e-443d-829c-d2e4c79d3a14 [2024-04-26T12:44:57.775008] [cds] - launched at 4/26/2024, 12:44:56 PM, version: 7.8.2, in: 1.184s (STDOUT, APP/PROC/WEB)#

#2.0#2024 04 26 12:45:01.006#Z#DEBUG#com.sap.cloud.lm.sl.xs2.6f85a037-03ca-11ef-8458-eeee0a8ac706.MyRoiceadApps-srv.startAppTask#
######org.cloudfoundry.multiapps.controller.persistence.services.ProcessLogger########flowable-async-job-executor-thread-204###
[PollStartAppStatusExecution] [MyRoiceadApps-srv] e04e10c7-0d4e-443d-829c-d2e4c79d3a14 [2024-04-26T12:44:59.826274] Container became healthy (STDOUT, CELL)#

#2.0#2024 04 26 12:45:01.006#Z#DEBUG#com.sap.cloud.lm.sl.xs2.6f85a037-03ca-11ef-8458-eeee0a8ac706.MyRoiceadApps-srv.startAppTask#
######org.cloudfoundry.multiapps.controller.persistence.services.ProcessLogger########flowable-async-job-executor-thread-204###
[PollStartAppStatusExecution] [MyRoiceadApps-srv] e04e10c7-0d4e-443d-829c-d2e4c79d3a14 [2024-04-26T12:44:59.854060] Process became ready with guid e04e10c7-0d4e-443d-829c-d2e4c79d3a14 payload: {"instance"=>"aeee6d45-8794-4430-49f2-75d0", "index"=>0, "cell_id"=>"d53b89ce-8893-467c-afbe-2ffa54f5cd7f", "ready"=>true, "version"=>"e4920d2d-3ce8-4426-a5e9-961f87f7acf7"} (STDOUT, API)#

